\BOOKMARK [1][-]{section.1}{头文件}{}% 1
\BOOKMARK [1][-]{section.2}{数学}{}% 2
\BOOKMARK [2][-]{subsection.2.1}{素数}{section.2}% 3
\BOOKMARK [3][-]{subsubsection.2.1.1}{素数筛}{subsection.2.1}% 4
\BOOKMARK [3][-]{subsubsection.2.1.2}{区间筛}{subsection.2.1}% 5
\BOOKMARK [3][-]{subsubsection.2.1.3}{Miller Rabin 素数判断}{subsection.2.1}% 6
\BOOKMARK [2][-]{subsection.2.2}{高斯消元}{section.2}% 7
\BOOKMARK [3][-]{subsubsection.2.2.1}{求逆矩阵}{subsection.2.2}% 8
\BOOKMARK [3][-]{subsubsection.2.2.2}{解01方程组}{subsection.2.2}% 9
\BOOKMARK [2][-]{subsection.2.3}{矩阵快速幂}{section.2}% 10
\BOOKMARK [1][-]{section.3}{字符串}{}% 11
\BOOKMARK [2][-]{subsection.3.1}{KMP}{section.3}% 12
\BOOKMARK [2][-]{subsection.3.2}{扩展KMP}{section.3}% 13
\BOOKMARK [2][-]{subsection.3.3}{Manacher 最长回文子串}{section.3}% 14
\BOOKMARK [2][-]{subsection.3.4}{AC自动机}{section.3}% 15
\BOOKMARK [2][-]{subsection.3.5}{后缀数组}{section.3}% 16
\BOOKMARK [2][-]{subsection.3.6}{后缀自动机}{section.3}% 17
\BOOKMARK [1][-]{section.4}{数据结构}{}% 18
\BOOKMARK [2][-]{subsection.4.1}{RMQ}{section.4}% 19
\BOOKMARK [3][-]{subsubsection.4.1.1}{一维RMQ}{subsection.4.1}% 20
\BOOKMARK [3][-]{subsubsection.4.1.2}{二维RMQ}{subsection.4.1}% 21
\BOOKMARK [2][-]{subsection.4.2}{线段树}{section.4}% 22
\BOOKMARK [3][-]{subsubsection.4.2.1}{宏定义}{subsection.4.2}% 23
\BOOKMARK [3][-]{subsubsection.4.2.2}{单点修改}{subsection.4.2}% 24
\BOOKMARK [3][-]{subsubsection.4.2.3}{区间修改}{subsection.4.2}% 25
\BOOKMARK [2][-]{subsection.4.3}{分块}{section.4}% 26
\BOOKMARK [1][-]{section.5}{图论}{}% 27
\BOOKMARK [2][-]{subsection.5.1}{最小生成树}{section.5}% 28
\BOOKMARK [3][-]{subsubsection.5.1.1}{并查集}{subsection.5.1}% 29
\BOOKMARK [3][-]{subsubsection.5.1.2}{Kruskal}{subsection.5.1}% 30
\BOOKMARK [3][-]{subsubsection.5.1.3}{Prim}{subsection.5.1}% 31
\BOOKMARK [2][-]{subsection.5.2}{最短路}{section.5}% 32
\BOOKMARK [3][-]{subsubsection.5.2.1}{Dijkstra}{subsection.5.2}% 33
\BOOKMARK [3][-]{subsubsection.5.2.2}{SPFA}{subsection.5.2}% 34
\BOOKMARK [3][-]{subsubsection.5.2.3}{Floyd}{subsection.5.2}% 35
\BOOKMARK [2][-]{subsection.5.3}{LCA}{section.5}% 36
\BOOKMARK [3][-]{subsubsection.5.3.1}{离线Tarjan}{subsection.5.3}% 37
\BOOKMARK [3][-]{subsubsection.5.3.2}{LCA 倍增法}{subsection.5.3}% 38
\BOOKMARK [2][-]{subsection.5.4}{拓扑排序}{section.5}% 39
\BOOKMARK [2][-]{subsection.5.5}{网络流}{section.5}% 40
\BOOKMARK [3][-]{subsubsection.5.5.1}{建模技巧}{subsection.5.5}% 41
\BOOKMARK [3][-]{subsubsection.5.5.2}{Edge}{subsection.5.5}% 42
\BOOKMARK [3][-]{subsubsection.5.5.3}{Dinic}{subsection.5.5}% 43
\BOOKMARK [3][-]{subsubsection.5.5.4}{ISAP}{subsection.5.5}% 44
\BOOKMARK [3][-]{subsubsection.5.5.5}{MCMF}{subsection.5.5}% 45
\BOOKMARK [1][-]{section.6}{计算几何}{}% 46
\BOOKMARK [2][-]{subsection.6.1}{基本函数}{section.6}% 47
\BOOKMARK [3][-]{subsubsection.6.1.1}{定义点和线}{subsection.6.1}% 48
\BOOKMARK [3][-]{subsubsection.6.1.2}{两点间距离}{subsection.6.1}% 49
\BOOKMARK [3][-]{subsubsection.6.1.3}{线段相交}{subsection.6.1}% 50
\BOOKMARK [3][-]{subsubsection.6.1.4}{直线和线段相交}{subsection.6.1}% 51
\BOOKMARK [3][-]{subsubsection.6.1.5}{点到直线距离}{subsection.6.1}% 52
\BOOKMARK [3][-]{subsubsection.6.1.6}{点到线段距离}{subsection.6.1}% 53
\BOOKMARK [3][-]{subsubsection.6.1.7}{判断点在线段上}{subsection.6.1}% 54
\BOOKMARK [2][-]{subsection.6.2}{多边形}{section.6}% 55
\BOOKMARK [3][-]{subsubsection.6.2.1}{计算多边形面积}{subsection.6.2}% 56
\BOOKMARK [3][-]{subsubsection.6.2.2}{判断点在凸多边形内}{subsection.6.2}% 57
\BOOKMARK [3][-]{subsubsection.6.2.3}{判断点在任意多边形内}{subsection.6.2}% 58
\BOOKMARK [3][-]{subsubsection.6.2.4}{判断凸多边形}{subsection.6.2}% 59
\BOOKMARK [3][-]{subsubsection.6.2.5}{凸包}{subsection.6.2}% 60
\BOOKMARK [2][-]{subsection.6.3}{圆}{section.6}% 61
\BOOKMARK [3][-]{subsubsection.6.3.1}{外心}{subsection.6.3}% 62
\BOOKMARK [3][-]{subsubsection.6.3.2}{两圆相交的面积}{subsection.6.3}% 63
\BOOKMARK [1][-]{section.7}{动态规划}{}% 64
\BOOKMARK [2][-]{subsection.7.1}{最长上升子序列}{section.7}% 65
\BOOKMARK [2][-]{subsection.7.2}{数位dp}{section.7}% 66
\BOOKMARK [1][-]{section.8}{其他}{}% 67
\BOOKMARK [2][-]{subsection.8.1}{Java}{section.8}% 68
\BOOKMARK [2][-]{subsection.8.2}{STL}{section.8}% 69
\BOOKMARK [3][-]{subsubsection.8.2.1}{优先队列}{subsection.8.2}% 70
\BOOKMARK [2][-]{subsection.8.3}{SG函数}{section.8}% 71
\BOOKMARK [3][-]{subsubsection.8.3.1}{解题模型}{subsection.8.3}% 72
\BOOKMARK [3][-]{subsubsection.8.3.2}{打表}{subsection.8.3}% 73
\BOOKMARK [3][-]{subsubsection.8.3.3}{dfs}{subsection.8.3}% 74
\BOOKMARK [2][-]{subsection.8.4}{战术研究}{section.8}% 75
\BOOKMARK [2][-]{subsection.8.5}{打表找规律方法}{section.8}% 76
